<?xml version="1.0" encoding="UTF-8"?>
<!-- Generated by org.testng.reporters.JUnitReportReporter -->
<testsuite hostname="DESKTOP-5LRKES7" failures="0" tests="4" name="com.hw4.Hw4.EmployeeRestTest" time="2.041" errors="0" timestamp="2020-11-22T23:09:05 EST" skipped="0">
  <testcase classname="com.hw4.Hw4.EmployeeRestTest" name="getEmployees" time="1.291"/>
  <system-out/>
  <testcase classname="com.hw4.Hw4.EmployeeRestTest" name="createEmployee" time="0.504"/>
  <system-out/>
  <testcase classname="com.hw4.Hw4.EmployeeRestTest" name="updateEmployee" time="0.126"/>
  <system-out/>
  <testcase classname="com.hw4.Hw4.EmployeeRestTest" name="deleteEmployee" time="0.120"/>
  <system-out/>
</testsuite> <!-- com.hw4.Hw4.EmployeeRestTest -->
