<?xml version="1.0" encoding="UTF-8"?>
<!-- Generated by org.testng.reporters.JUnitReportReporter -->
<testsuite hostname="DESKTOP-5LRKES7" failures="0" tests="1" name="com.lab10.Lab10.TestRestApi" time="2.213" errors="0" timestamp="2020-11-22T21:27:14 EST" skipped="0">
  <testcase classname="com.lab10.Lab10.TestRestApi" name="addCustomer" time="2.213"/>
  <system-out/>
</testsuite> <!-- com.lab10.Lab10.TestRestApi -->
