<?xml version="1.0" encoding="UTF-8"?>
<!-- Generated by org.testng.reporters.JUnitReportReporter -->
<testsuite hostname="DESKTOP-5LRKES7" failures="0" tests="2" name="com.lab10.Lab10.TestRestApi" time="3.784" errors="0" timestamp="2020-11-22T21:29:17 EST" skipped="0">
  <testcase classname="com.lab10.Lab10.TestRestApi" name="getUser" time="1.527"/>
  <system-out/>
  <testcase classname="com.lab10.Lab10.TestRestApi" name="addCustomer" time="2.257"/>
  <system-out/>
</testsuite> <!-- com.lab10.Lab10.TestRestApi -->
